<?xml version="1.0" encoding="UTF-8"?>
<testsuite name="com.localhost.cucumber.UtilityRunner" time="1.061" tests="87" errors="0" skipped="9" failures="2">
  <properties>
    <property name="idea.version" value="2021.3.2"/>
    <property name="java.runtime.name" value="Java(TM) SE Runtime Environment"/>
    <property name="sun.boot.library.path" value="C:\Program Files\Java\jdk1.8.0_121\jre\bin"/>
    <property name="java.vm.version" value="25.121-b13"/>
    <property name="java.vm.vendor" value="Oracle Corporation"/>
    <property name="maven.multiModuleProjectDirectory" value="C:\Users\harsh\IdeaProjects\homework-week19-project5-bestApi-serenity - Cucumber"/>
    <property name="java.vendor.url" value="http://java.oracle.com/"/>
    <property name="path.separator" value=";"/>
    <property name="guice.disable.misplaced.annotation.check" value="true"/>
    <property name="java.vm.name" value="Java HotSpot(TM) 64-Bit Server VM"/>
    <property name="file.encoding.pkg" value="sun.io"/>
    <property name="user.script" value=""/>
    <property name="user.country" value="GB"/>
    <property name="sun.java.launcher" value="SUN_STANDARD"/>
    <property name="sun.os.patch.level" value=""/>
    <property name="java.vm.specification.name" value="Java Virtual Machine Specification"/>
    <property name="user.dir" value="C:\Users\harsh\IdeaProjects\homework-week19-project5-bestApi-serenity - Cucumber"/>
    <property name="java.runtime.version" value="1.8.0_121-b13"/>
    <property name="java.awt.graphicsenv" value="sun.awt.Win32GraphicsEnvironment"/>
    <property name="java.endorsed.dirs" value="C:\Program Files\Java\jdk1.8.0_121\jre\lib\endorsed"/>
    <property name="os.arch" value="amd64"/>
    <property name="java.io.tmpdir" value="C:\Users\harsh\AppData\Local\Temp\"/>
    <property name="line.separator" value="&#10;"/>
    <property name="java.vm.specification.vendor" value="Oracle Corporation"/>
    <property name="user.variant" value=""/>
    <property name="os.name" value="Windows 10"/>
    <property name="maven.ext.class.path" value="C:\Program Files\JetBrains\IntelliJ IDEA Community Edition 2021.3.2\plugins\maven\lib\maven-event-listener.jar"/>
    <property name="classworlds.conf" value="C:\Program Files\JetBrains\IntelliJ IDEA Community Edition 2021.3.2\plugins\maven\lib\maven3\bin\m2.conf"/>
    <property name="sun.jnu.encoding" value="Cp1252"/>
    <property name="java.library.path" value="C:\Program Files\Java\jdk1.8.0_121\bin;C:\WINDOWS\Sun\Java\bin;C:\WINDOWS\system32;C:\WINDOWS;C:\Program Files\Java\jdk1.8.0_121\bin;C:\WINDOWS\system32;C:\WINDOWS;C:\WINDOWS\System32\Wbem;C:\WINDOWS\System32\WindowsPowerShell\v1.0\;C:\WINDOWS\System32\OpenSSH\;C:\Program Files\Java\jdk1.8.0_121\bin;C:\Program Files\Git\cmd;C:\Program Files\Apache\apache-maven-3.8.5\bin;C:\Program Files\nodejs\;C:\Users\harsh\AppData\Local\Microsoft\WindowsApps;C:\Users\harsh\AppData\Roaming\npm;."/>
    <property name="maven.conf" value="C:\Program Files\JetBrains\IntelliJ IDEA Community Edition 2021.3.2\plugins\maven\lib\maven3/conf"/>
    <property name="java.specification.name" value="Java Platform API Specification"/>
    <property name="java.class.version" value="52.0"/>
    <property name="sun.management.compiler" value="HotSpot 64-Bit Tiered Compilers"/>
    <property name="os.version" value="10.0"/>
    <property name="user.home" value="C:\Users\harsh"/>
    <property name="user.timezone" value="Europe/London"/>
    <property name="java.awt.printerjob" value="sun.awt.windows.WPrinterJob"/>
    <property name="java.specification.version" value="1.8"/>
    <property name="file.encoding" value="UTF-8"/>
    <property name="user.name" value="harsh"/>
    <property name="java.class.path" value="C:\Program Files\JetBrains\IntelliJ IDEA Community Edition 2021.3.2\plugins\maven\lib\maven3\boot\plexus-classworlds-2.6.0.jar;C:\Program Files\JetBrains\IntelliJ IDEA Community Edition 2021.3.2\plugins\maven\lib\maven3\boot\plexus-classworlds.license;C:\Program Files\JetBrains\IntelliJ IDEA Community Edition 2021.3.2\lib\idea_rt.jar"/>
    <property name="java.vm.specification.version" value="1.8"/>
    <property name="sun.arch.data.model" value="64"/>
    <property name="java.home" value="C:\Program Files\Java\jdk1.8.0_121\jre"/>
    <property name="sun.java.command" value="org.codehaus.classworlds.Launcher -Didea.version=2021.3.2 clean verify serenity:aggregate"/>
    <property name="java.specification.vendor" value="Oracle Corporation"/>
    <property name="user.language" value="en"/>
    <property name="awt.toolkit" value="sun.awt.windows.WToolkit"/>
    <property name="java.vm.info" value="mixed mode"/>
    <property name="java.version" value="1.8.0_121"/>
    <property name="java.ext.dirs" value="C:\Program Files\Java\jdk1.8.0_121\jre\lib\ext;C:\WINDOWS\Sun\Java\lib\ext"/>
    <property name="sun.boot.class.path" value="C:\Program Files\Java\jdk1.8.0_121\jre\lib\resources.jar;C:\Program Files\Java\jdk1.8.0_121\jre\lib\rt.jar;C:\Program Files\Java\jdk1.8.0_121\jre\lib\sunrsasign.jar;C:\Program Files\Java\jdk1.8.0_121\jre\lib\jsse.jar;C:\Program Files\Java\jdk1.8.0_121\jre\lib\jce.jar;C:\Program Files\Java\jdk1.8.0_121\jre\lib\charsets.jar;C:\Program Files\Java\jdk1.8.0_121\jre\lib\jfr.jar;C:\Program Files\Java\jdk1.8.0_121\jre\classes"/>
    <property name="java.vendor" value="Oracle Corporation"/>
    <property name="maven.home" value="C:\Program Files\JetBrains\IntelliJ IDEA Community Edition 2021.3.2\plugins\maven\lib\maven3"/>
    <property name="file.separator" value="\"/>
    <property name="java.vendor.url.bug" value="http://bugreport.sun.com/bugreport/"/>
    <property name="sun.cpu.endian" value="little"/>
    <property name="sun.io.unicode.encoding" value="UnicodeLittle"/>
    <property name="sun.desktop" value="windows"/>
    <property name="sun.cpu.isalist" value="amd64"/>
  </properties>
  <testcase name="Given I am on homepage of application of category" classname="Scenario: I get all categories from application" time="0"/>
  <testcase name="When I send Get request to list endpoint of category" classname="Scenario: I get all categories from application" time="0"/>
  <testcase name="Then I must get back a valid status code 200 of category" classname="Scenario: I get all categories from application" time="0"/>
  <testcase name="Scenario: I get all categories from application" classname="Scenario: I get all categories from application" time="0.023"/>
  <testcase name="Given I am on homepage of application of category" classname="Scenario: I create categories from application" time="0"/>
  <testcase name="When I send Post request to list endpoint of category" classname="Scenario: I create categories from application" time="0"/>
  <testcase name="Then I must get back a valid status code 201 of category" classname="Scenario: I create categories from application" time="0.001"/>
  <testcase name="Scenario: I create categories from application" classname="Scenario: I create categories from application" time="0.038"/>
  <testcase name="Given I am on homepage of application of category" classname="Scenario: I update categories from application" time="0"/>
  <testcase name="When I send Put request to list endpoint of category" classname="Scenario: I update categories from application" time="0"/>
  <testcase name="Then I must get back a valid status code 200 of category" classname="Scenario: I update categories from application" time="0"/>
  <testcase name="Scenario: I update categories from application" classname="Scenario: I update categories from application" time="0.055"/>
  <testcase name="Given I am on homepage of application of category" classname="Scenario: I delete categories from application" time="0"/>
  <testcase name="When I send Delete request to list endpoint of category" classname="Scenario: I delete categories from application" time="0"/>
  <testcase name="Then I must get back a valid status code 200 of category" classname="Scenario: I delete categories from application" time="0"/>
  <testcase name="And I validate if category is deleted" classname="Scenario: I delete categories from application" time="0"/>
  <testcase name="Scenario: I delete categories from application" classname="Scenario: I delete categories from application" time="0.043"/>
  <testcase name="Given I am on homepage of application of product" classname="Scenario: I get all products from application" time="0"/>
  <testcase name="When I send Get request to list endpoint of product" classname="Scenario: I get all products from application" time="0"/>
  <testcase name="Then I must get back a valid status code 200 of product" classname="Scenario: I get all products from application" time="0"/>
  <testcase name="Scenario: I get all products from application" classname="Scenario: I get all products from application" time="0.014"/>
  <testcase name="Given I am on homepage of application of product" classname="Scenario: I create product from application" time="0"/>
  <testcase name="When I send Post request to list endpoint of product" classname="Scenario: I create product from application" time="0"/>
  <testcase name="Then I must get back a valid status code 201 of product" classname="Scenario: I create product from application" time="0"/>
  <testcase name="Scenario: I create product from application" classname="Scenario: I create product from application" time="0.019"/>
  <testcase name="Given I am on homepage of application of product" classname="Scenario: I update product from application" time="0"/>
  <testcase name="When I send Put request to list endpoint of product" classname="Scenario: I update product from application" time="0"/>
  <testcase name="Then I must get back a valid status code 200 of product" classname="Scenario: I update product from application" time="0"/>
  <testcase name="Scenario: I update product from application" classname="Scenario: I update product from application" time="0.03"/>
  <testcase name="Given I am on homepage of application of product" classname="Scenario: I delete product from application" time="0"/>
  <testcase name="When I send Delete request to list endpoint of product" classname="Scenario: I delete product from application" time="0"/>
  <testcase name="Then I must get back a valid status code 200 of product" classname="Scenario: I delete product from application" time="0"/>
  <testcase name="And I validate if product is deleted" classname="Scenario: I delete product from application" time="0"/>
  <testcase name="Scenario: I delete product from application" classname="Scenario: I delete product from application" time="0.024"/>
  <testcase name="Given I am on homepage of application of service" classname="Scenario: I get all services from application" time="0"/>
  <testcase name="When I send Get request to list endpoint of service" classname="Scenario: I get all services from application" time="0"/>
  <testcase name="Then I must get back a valid status code 200 of service" classname="Scenario: I get all services from application" time="0"/>
  <testcase name="Scenario: I get all services from application" classname="Scenario: I get all services from application" time="0.044"/>
  <testcase name="Given I am on homepage of application of service" classname="Scenario: I create service from application" time="0"/>
  <testcase name="When I send Post request to list endpoint of service" classname="Scenario: I create service from application" time="0"/>
  <testcase name="Then I must get back a valid status code 201 of service" classname="Scenario: I create service from application" time="0"/>
  <testcase name="Scenario: I create service from application" classname="Scenario: I create service from application" time="0.052"/>
  <testcase name="Given I am on homepage of application of service" classname="Scenario: I update service from application" time="0"/>
  <testcase name="When I send Put request to list endpoint of service" classname="Scenario: I update service from application" time="0"/>
  <testcase name="Then I must get back a valid status code 200 of service" classname="Scenario: I update service from application" time="0"/>
  <testcase name="Scenario: I update service from application" classname="Scenario: I update service from application" time="0.047"/>
  <testcase name="Given I am on homepage of application of service" classname="Scenario: I delete service from application" time="0"/>
  <testcase name="When I send Delete request to list endpoint of service" classname="Scenario: I delete service from application" time="0"/>
  <testcase name="Then I must get back a valid status code 200 of service" classname="Scenario: I delete service from application" time="0"/>
  <testcase name="And I validate if service is deleted" classname="Scenario: I delete service from application" time="0"/>
  <testcase name="Scenario: I delete service from application" classname="Scenario: I delete service from application" time="0.067"/>
  <testcase name="Given I am on homepage of application of store" classname="Scenario: I get all stores from application" time="0"/>
  <testcase name="When I send Get request to list endpoint of store" classname="Scenario: I get all stores from application" time="0"/>
  <testcase name="Then I must get back a valid status code 200 of store" classname="Scenario: I get all stores from application" time="0"/>
  <testcase name="Scenario: I get all stores from application" classname="Scenario: I get all stores from application" time="0.084"/>
  <testcase name="Given I am on homepage of application of store" classname="Scenario: I create store from application" time="0"/>
  <testcase name="When I send Post request to list endpoint of store" classname="Scenario: I create store from application" time="0"/>
  <testcase name="Then I must get back a valid status code 201 of store" classname="Scenario: I create store from application" time="0"/>
  <testcase name="Scenario: I create store from application" classname="Scenario: I create store from application" time="0.072"/>
  <testcase name="Given I am on homepage of application of store" classname="Scenario: I update store from application" time="0"/>
  <testcase name="When I send Put request to list endpoint of store" classname="Scenario: I update store from application" time="0"/>
  <testcase name="Then I must get back a valid status code 200 of store" classname="Scenario: I update store from application" time="0"/>
  <testcase name="Scenario: I update store from application" classname="Scenario: I update store from application" time="0.129"/>
  <testcase name="Given I am on homepage of application of store" classname="Scenario: I delete store from application" time="0"/>
  <testcase name="When I send Delete request to list endpoint of store" classname="Scenario: I delete store from application" time="0"/>
  <testcase name="Then I must get back a valid status code 200 of store" classname="Scenario: I delete store from application" time="0"/>
  <testcase name="And I validate if store is deleted" classname="Scenario: I delete store from application" time="0"/>
  <testcase name="Scenario: I delete store from application" classname="Scenario: I delete store from application" time="0.088"/>
  <testcase name="Given I am on homepage of application of store" classname="Scenario: I verify following data response" time="0"/>
  <testcase name="When I send Get request to list endpoint of store" classname="Scenario: I verify following data response" time="0"/>
  <testcase name="Then Verify the if the total is equal to 1561" classname="Scenario: I verify following data response" time="0.001">
    <failure message="1 expectation failed.&#10;JSON path total doesn&apos;t match.&#10;Expected: &lt;1568&gt;&#10;  Actual: 1569&#10;" type="java.lang.AssertionError"><![CDATA[java.lang.AssertionError: 1 expectation failed.
JSON path total doesn't match.
Expected: <1568>
  Actual: 1569

	at sun.reflect.NativeConstructorAccessorImpl.newInstance0(Native Method)
	at sun.reflect.NativeConstructorAccessorImpl.newInstance(NativeConstructorAccessorImpl.java:62)
	at sun.reflect.DelegatingConstructorAccessorImpl.newInstance(DelegatingConstructorAccessorImpl.java:45)
	at java.lang.reflect.Constructor.newInstance(Constructor.java:423)
	at org.codehaus.groovy.reflection.CachedConstructor.invoke(CachedConstructor.java:83)
	at org.codehaus.groovy.reflection.CachedConstructor.doConstructorInvoke(CachedConstructor.java:77)
	at org.codehaus.groovy.runtime.callsite.ConstructorSite$ConstructorSiteNoUnwrap.callConstructor(ConstructorSite.java:84)
	at org.codehaus.groovy.runtime.callsite.AbstractCallSite.callConstructor(AbstractCallSite.java:247)
	at io.restassured.internal.ResponseSpecificationImpl$HamcrestAssertionClosure.validate(ResponseSpecificationImpl.groovy:471)
	at io.restassured.internal.ResponseSpecificationImpl$HamcrestAssertionClosure$validate$1.call(Unknown Source)
	at io.restassured.internal.ResponseSpecificationImpl.validateResponseIfRequired(ResponseSpecificationImpl.groovy:636)
	at sun.reflect.GeneratedMethodAccessor178.invoke(Unknown Source)
	at sun.reflect.DelegatingMethodAccessorImpl.invoke(DelegatingMethodAccessorImpl.java:43)
	at java.lang.reflect.Method.invoke(Method.java:498)
	at org.codehaus.groovy.runtime.callsite.PogoMetaMethodSite$PogoCachedMethodSiteNoUnwrapNoCoerce.invoke(PogoMetaMethodSite.java:210)
	at org.codehaus.groovy.runtime.callsite.PogoMetaMethodSite.callCurrent(PogoMetaMethodSite.java:59)
	at org.codehaus.groovy.runtime.callsite.AbstractCallSite.callCurrent(AbstractCallSite.java:166)
	at io.restassured.internal.ResponseSpecificationImpl.content(ResponseSpecificationImpl.groovy:265)
	at io.restassured.specification.ResponseSpecification$content$1.callCurrent(Unknown Source)
	at io.restassured.internal.ResponseSpecificationImpl.body(ResponseSpecificationImpl.groovy:248)
	at io.restassured.internal.ValidatableResponseOptionsImpl.body(ValidatableResponseOptionsImpl.java:268)
	at com.localhost.cucumber.steps.StoreStepdefs.verifyTheIfTheTotalIsEqualTo(StoreStepdefs.java:93)
	at ✽.Then Verify the if the total is equal to 1561(store.feature:29)
]]></failure>
    <system-out><![CDATA[Request method:	GET
Request URI:	http://localhost:3030/stores
Proxy:			<none>
Request params:	<none>
Query params:	<none>
Form params:	<none>
Path params:	<none>
Multiparts:		<none>
Headers:		Accept=*/*
Cookies:		<none>
Body:			<none>
]]></system-out>
  </testcase>
  <testcase name="Scenario: I verify following data response" classname="Scenario: I verify following data response" time="0.001">
    <failure message="1 expectation failed.&#10;JSON path total doesn&apos;t match.&#10;Expected: &lt;1568&gt;&#10;  Actual: 1569&#10;" type="java.lang.AssertionError"><![CDATA[java.lang.AssertionError: 1 expectation failed.
JSON path total doesn't match.
Expected: <1568>
  Actual: 1569

	at sun.reflect.NativeConstructorAccessorImpl.newInstance0(Native Method)
	at sun.reflect.NativeConstructorAccessorImpl.newInstance(NativeConstructorAccessorImpl.java:62)
	at sun.reflect.DelegatingConstructorAccessorImpl.newInstance(DelegatingConstructorAccessorImpl.java:45)
	at java.lang.reflect.Constructor.newInstance(Constructor.java:423)
	at org.codehaus.groovy.reflection.CachedConstructor.invoke(CachedConstructor.java:83)
	at org.codehaus.groovy.reflection.CachedConstructor.doConstructorInvoke(CachedConstructor.java:77)
	at org.codehaus.groovy.runtime.callsite.ConstructorSite$ConstructorSiteNoUnwrap.callConstructor(ConstructorSite.java:84)
	at org.codehaus.groovy.runtime.callsite.AbstractCallSite.callConstructor(AbstractCallSite.java:247)
	at io.restassured.internal.ResponseSpecificationImpl$HamcrestAssertionClosure.validate(ResponseSpecificationImpl.groovy:471)
	at io.restassured.internal.ResponseSpecificationImpl$HamcrestAssertionClosure$validate$1.call(Unknown Source)
	at io.restassured.internal.ResponseSpecificationImpl.validateResponseIfRequired(ResponseSpecificationImpl.groovy:636)
	at sun.reflect.GeneratedMethodAccessor178.invoke(Unknown Source)
	at sun.reflect.DelegatingMethodAccessorImpl.invoke(DelegatingMethodAccessorImpl.java:43)
	at java.lang.reflect.Method.invoke(Method.java:498)
	at org.codehaus.groovy.runtime.callsite.PogoMetaMethodSite$PogoCachedMethodSiteNoUnwrapNoCoerce.invoke(PogoMetaMethodSite.java:210)
	at org.codehaus.groovy.runtime.callsite.PogoMetaMethodSite.callCurrent(PogoMetaMethodSite.java:59)
	at org.codehaus.groovy.runtime.callsite.AbstractCallSite.callCurrent(AbstractCallSite.java:166)
	at io.restassured.internal.ResponseSpecificationImpl.content(ResponseSpecificationImpl.groovy:265)
	at io.restassured.specification.ResponseSpecification$content$1.callCurrent(Unknown Source)
	at io.restassured.internal.ResponseSpecificationImpl.body(ResponseSpecificationImpl.groovy:248)
	at io.restassured.internal.ValidatableResponseOptionsImpl.body(ValidatableResponseOptionsImpl.java:268)
	at com.localhost.cucumber.steps.StoreStepdefs.verifyTheIfTheTotalIsEqualTo(StoreStepdefs.java:93)
	at ✽.Then Verify the if the total is equal to 1561(store.feature:29)
]]></failure>
  </testcase>
  <testcase name="And Verify the if the stores of limit is equal to 10" classname="Scenario: I verify following data response" time="0">
    <skipped/>
  </testcase>
  <testcase name="And Check the single Name in the Array list (Inver Grove Heights)" classname="Scenario: I verify following data response" time="0">
    <skipped/>
  </testcase>
  <testcase name="And Check the multiple Names in the ArrayList (Roseville, Burnsville, Maplewood)" classname="Scenario: I verify following data response" time="0">
    <skipped/>
  </testcase>
  <testcase name="And Verify the storied=8 inside storeservices of the third store of second services" classname="Scenario: I verify following data response" time="0">
    <skipped/>
  </testcase>
  <testcase name="And Check hash map values createdAt inside storeservices map where store name = Roseville" classname="Scenario: I verify following data response" time="0">
    <skipped/>
  </testcase>
  <testcase name="And Verify the state = MN of forth store" classname="Scenario: I verify following data response" time="0">
    <skipped/>
  </testcase>
  <testcase name="And Verify the store name = &quot;Oakdale&quot; of nineth store" classname="Scenario: I verify following data response" time="0">
    <skipped/>
  </testcase>
  <testcase name="And Verify the storeId = 11 for the sixth store" classname="Scenario: I verify following data response" time="0">
    <skipped/>
  </testcase>
  <testcase name="And Verify the serviceId = 4 for the seventh store of forth service" classname="Scenario: I verify following data response" time="0">
    <skipped/>
  </testcase>
  <testcase name="Given I am on homepage of application of utility" classname="Scenario: I get  heathCheck of application" time="0.001"/>
  <testcase name="When I send Get request to list endpoint of heathCheck" classname="Scenario: I get  heathCheck of application" time="0"/>
  <testcase name="Scenario: I get  heathCheck of application" classname="Scenario: I get  heathCheck of application" time="0.072"/>
  <testcase name="Given I am on homepage of application of utility" classname="Scenario: I get version of application" time="0"/>
  <testcase name="When I send Get request to list endpoint of version" classname="Scenario: I get version of application" time="0"/>
  <testcase name="Scenario: I get version of application" classname="Scenario: I get version of application" time="0.156"/>
</testsuite>